\BOOKMARK [1][-]{section.1}{\376\377\117\177\165\050\000E\000m\000a\000c\000s\166\204\116\000\116\233\000t\000i\000p\000s}{}% 1
\BOOKMARK [1][-]{section.2}{\376\377\121\231\000\040\000E\000l\000i\000s\000p\000\040\145\366\120\031\220\107\122\060\166\204\116\000\116\233\225\356\230\230}{}% 2
\BOOKMARK [2][-]{subsection.2.1}{\376\377\131\202\117\125\211\343\121\263\121\231\000E\000l\000i\000s\000p\145\366\120\031\220\107\122\060\166\204\116\000\116\233\227\000\211\201\133\306\170\001\213\244\213\301\166\204\124\175\116\344\210\114\144\315\117\134}{section.2}% 3
\BOOKMARK [2][-]{subsection.2.2}{\376\377\131\202\117\125\213\251\214\003\213\325\126\150\123\357\116\345\214\003\213\325\000u\000s\000e\000r\000-\000e\000r\000r\000o\000r\000?}{section.2}% 4
\BOOKMARK [2][-]{subsection.2.3}{\376\377\000A\000u\000t\000o\000l\000o\000a\000d\121\375\145\160\137\025\165\050\147\052\210\253\000r\000e\000q\000u\000i\000r\000e\166\204\123\330\221\317\000,\117\356\145\071\213\345\123\330\221\317\124\016\145\340\154\325\213\373\123\326\123\330\221\317\000?}{section.2}% 5
\BOOKMARK [2][-]{subsection.2.4}{\376\377\131\202\117\125\213\367\154\102\143\245\123\343\000\050\000J\000S\000O\000N\000\051}{section.2}% 6
\BOOKMARK [2][-]{subsection.2.5}{\376\377\131\202\147\234\213\373\123\326\000J\000S\000O\000N\145\207\116\366}{section.2}% 7
\BOOKMARK [1][-]{section.3}{\376\377\000E\000m\000a\000c\000s\000\040\000L\000i\000s\000p\000\040\133\146\116\140\173\024\213\260}{}% 8
\BOOKMARK [2][-]{subsection.3.1}{\376\377\000E\000m\000a\000c\000s\000\040\000L\000i\000s\000p\000\040\145\160\143\156\174\173\127\213\151\202\211\310}{section.3}% 9
\BOOKMARK [3][-]{subsubsection.3.1.1}{\376\377\000R\000e\000c\000o\000r\000d\000s}{subsection.3.1}% 10
\BOOKMARK [3][-]{subsubsection.3.1.2}{\376\377\000F\000i\000n\000a\000l\000i\000z\000e\000r\000\040\000T\000y\000p\000e}{subsection.3.1}% 11
\BOOKMARK [2][-]{subsection.3.2}{\376\377\217\320\173\227\000\040\000\050\000E\000v\000a\000l\000u\000a\000t\000i\000o\000n\000\051}{section.3}% 12
\BOOKMARK [3][-]{subsubsection.3.2.1}{\376\377\000F\000o\000r\000m\000s}{subsection.3.2}% 13
\BOOKMARK [3][-]{subsubsection.3.2.2}{\376\377\137\025\165\050\000\040\000\050\000Q\000u\000o\000t\000i\000n\000g\000\051}{subsection.3.2}% 14
\BOOKMARK [3][-]{subsubsection.3.2.3}{\376\377\123\315\124\021\137\025\165\050\000\040\000\050\000B\000a\000c\000k\000q\000u\000o\000t\000e\000\051}{subsection.3.2}% 15
\BOOKMARK [3][-]{subsubsection.3.2.4}{\376\377\217\320\173\227\000\040\000\050\000E\000v\000a\000l\000\051}{subsection.3.2}% 16
\BOOKMARK [3][-]{subsubsection.3.2.5}{\376\377\136\366\217\337\217\320\173\227\000\040\000\050\000D\000e\000f\000e\000r\000r\000e\000d\000\040\000E\000v\000a\000l\000\051}{subsection.3.2}% 17
\BOOKMARK [2][-]{subsection.3.3}{\376\377\143\247\122\066\176\323\147\204\000\040\000\050\000C\000o\000n\000t\000r\000o\000l\000\040\000S\000t\000r\000u\000c\000t\000u\000r\000e\000s\000\051}{section.3}% 18
\BOOKMARK [3][-]{subsubsection.3.3.1}{\376\377\143\011\136\217\213\241\173\227\000\040\000\050\000S\000e\000q\000u\000e\000n\000c\000i\000n\000g\000\051}{subsection.3.3}% 19
\BOOKMARK [3][-]{subsubsection.3.3.2}{\376\377\152\041\137\017\123\071\221\115\147\141\116\366\000\040\000\050\000P\000a\000t\000t\000e\000r\000n\000-\000M\000a\000t\000c\000h\000i\000n\000g\000\040\000C\000o\000n\000d\000i\000t\000i\000o\000n\000a\000l\000\051}{subsection.3.3}% 20
\BOOKMARK [3][-]{subsubsection.3.3.3}{\376\377\165\037\142\020\126\150\000\040\000\050\000G\000e\000n\000e\000r\000a\000t\000o\000r\000s\000\051}{subsection.3.3}% 21
\BOOKMARK [3][-]{subsubsection.3.3.4}{\376\377\227\136\147\054\127\060\220\000\121\372\000\040\000\050\000N\000o\000n\000l\000o\000c\000a\000l\000\040\000E\000x\000i\000t\000s\000\051}{subsection.3.3}% 22
\BOOKMARK [2][-]{subsection.3.4}{\376\377\123\330\221\317\000\040\000\050\000V\000a\000r\000i\000a\000b\000l\000e\000s\000\051}{section.3}% 23
\BOOKMARK [2][-]{subsection.3.5}{\376\377\121\375\145\160\000\040\000\050\000F\000u\000n\000c\000t\000i\000o\000n\000s\000\051}{section.3}% 24
\BOOKMARK [3][-]{subsubsection.3.5.1}{\376\377\116\300\116\110\146\057\121\375\145\160\000\040\000\050\000W\000h\000a\000t\000\040\000i\000s\000\040\000a\000\040\000F\000u\000n\000c\000t\000i\000o\000n\000\051}{subsection.3.5}% 25
\BOOKMARK [3][-]{subsubsection.3.5.2}{\376\377\000L\000a\000m\000b\000d\000a\210\150\217\276\137\017\000\040\000\050\000L\000a\000m\000b\000d\000a\000\040\000E\000x\000p\000r\000e\000s\000s\000i\000o\000n\000s\000\051}{subsection.3.5}% 26
\BOOKMARK [3][-]{subsubsection.3.5.3}{\376\377\121\375\145\160\124\015\133\127\000\040\000\050\000F\000u\000n\000c\000t\000i\000o\000n\000\040\000N\000a\000m\000e\000s\000\051}{subsection.3.5}% 27
\BOOKMARK [3][-]{subsubsection.3.5.4}{\376\377\133\232\116\111\121\375\145\160\000\040\000\050\000D\000e\000f\000i\000n\000i\000n\000g\000\040\000F\000u\000n\000c\000t\000i\000o\000n\000s\000\051}{subsection.3.5}% 28
\BOOKMARK [3][-]{subsubsection.3.5.5}{\376\377\214\003\165\050\121\375\145\160\000\040\000\050\000C\000a\000l\000l\000i\000n\000g\000\040\000F\000u\000n\000c\000t\000i\000o\000n\000s\000\051}{subsection.3.5}% 29
\BOOKMARK [3][-]{subsubsection.3.5.6}{\376\377\123\077\124\015\121\375\145\160\000\040\000\050\000A\000n\000o\000n\000y\000m\000o\000u\000s\000\040\000F\000u\000n\000c\000t\000i\000o\000n\000s\000\051}{subsection.3.5}% 30
\BOOKMARK [3][-]{subsubsection.3.5.7}{\376\377\220\032\165\050\121\375\145\160\000\040\000\050\000G\000e\000n\000e\000r\000i\000c\000\040\000F\000u\000n\000c\000t\000i\000o\000n\000s\000\051}{subsection.3.5}% 31
\BOOKMARK [3][-]{subsubsection.3.5.8}{\376\377\225\355\123\005\000\040\000\050\000C\000l\000o\000s\000u\000r\000e\000s\000\051}{subsection.3.5}% 32
\BOOKMARK [3][-]{subsubsection.3.5.9}{\376\377\000A\000d\000v\000i\000s\000i\000n\000g\000\040\000F\000u\000n\000c\000t\000i\000o\000n\000s}{subsection.3.5}% 33
\BOOKMARK [3][-]{subsubsection.3.5.10}{\376\377\136\237\137\003\121\375\145\160\000\040\000\050\000O\000b\000s\000o\000l\000e\000t\000e\000\040\000F\000u\000n\000c\000t\000i\000o\000n\000s\000\051}{subsection.3.5}% 34
\BOOKMARK [3][-]{subsubsection.3.5.11}{\376\377\121\205\200\124\121\375\145\160\000\040\000\050\000I\000n\000l\000i\000n\000e\000\040\000F\000u\000n\000c\000t\000i\000o\000n\000s\000\051}{subsection.3.5}% 35
\BOOKMARK [3][-]{subsubsection.3.5.12}{\376\377\000D\000e\000c\000l\000a\000r\000e\000\040\000F\000o\000r\000m}{subsection.3.5}% 36
\BOOKMARK [3][-]{subsubsection.3.5.13}{\376\377\130\360\146\016\121\375\145\160\000\040\000\050\000D\000e\000c\000l\000a\000r\000i\000n\000g\000\040\000F\000u\000n\000c\000t\000i\000o\000n\000s\000\051}{subsection.3.5}% 37
\BOOKMARK [3][-]{subsubsection.3.5.14}{\376\377\121\375\145\160\133\211\121\150\000\040\000\050\000F\000u\000n\000c\000t\000i\000o\000n\000\040\000S\000a\000f\000e\000t\000y\000\051}{subsection.3.5}% 38
\BOOKMARK [2][-]{subsection.3.6}{\376\377\133\217\000\040\000\050\000M\000a\000c\000r\000o\000s\000\051}{section.3}% 39
\BOOKMARK [3][-]{subsubsection.3.6.1}{\376\377\133\217\117\213\133\120\000\040\000\050\000D\000e\000f\000i\000n\000i\000n\000g\000\040\000M\000a\000c\000r\000o\000s\000\051}{subsection.3.6}% 40
\BOOKMARK [3][-]{subsubsection.3.6.2}{\376\377\133\217\166\204\134\125\137\000\137\017\000\040\000\050\000E\000x\000p\000a\000n\000s\000i\000o\000n\000\051}{subsection.3.6}% 41
\BOOKMARK [3][-]{subsubsection.3.6.3}{\376\377\133\217\124\214\177\026\213\321\000\040\000\050\000C\000o\000m\000p\000i\000l\000i\000n\000g\000\040\000M\000a\000c\000r\000o\000s\000\051}{subsection.3.6}% 42
\BOOKMARK [3][-]{subsubsection.3.6.4}{\376\377\133\217\166\204\225\356\230\230\000\040\000\050\000P\000r\000o\000b\000l\000e\000m\000s\000\040\000W\000i\000t\000h\000\040\000M\000a\000c\000r\000o\000s\000\051}{subsection.3.6}% 43
\BOOKMARK [3][-]{subsubsection.3.6.5}{\376\377\177\051\217\333\133\217\000\040\000\050\000I\000n\000d\000e\000n\000t\000i\000n\000g\000\040\000M\000a\000c\000r\000o\000s\000\051}{subsection.3.6}% 44
\BOOKMARK [3][-]{subsubsection.3.6.6}{\376\377\146\364\131\032\166\204\133\217\117\213\133\120}{subsection.3.6}% 45
\BOOKMARK [2][-]{subsection.3.7}{\376\377\116\052\140\047\123\026\000\040\000\050\000C\000u\000s\000t\000o\000m\000i\000z\000a\000t\000i\000o\000n\000\051}{section.3}% 46
\BOOKMARK [2][-]{subsection.3.8}{\376\377\122\240\217\175\000\040\000\050\000L\000o\000a\000d\000i\000n\000g\000\051}{section.3}% 47
\BOOKMARK [3][-]{subsubsection.3.8.1}{\376\377\172\013\136\217\166\204\122\240\217\175\217\307\172\013\000\040\000\050\000H\000o\000w\000\040\000P\000r\000o\000g\000r\000a\000m\000s\000\040\000D\000o\000\040\000L\000o\000a\000d\000i\000n\000g\000\051}{subsection.3.8}% 48
\BOOKMARK [3][-]{subsubsection.3.8.2}{\376\377\122\240\217\175\124\016\177\000\000\040\000\050\000L\000o\000a\000d\000\040\000S\000u\000f\000f\000i\000x\000e\000s\000\051}{subsection.3.8}% 49
\BOOKMARK [3][-]{subsubsection.3.8.3}{\376\377\136\223\166\204\147\345\142\176\000\040\000\050\000L\000i\000b\000r\000a\000r\000y\000\040\000S\000e\000a\000r\000c\000h\000\051}{subsection.3.8}% 50
\BOOKMARK [3][-]{subsubsection.3.8.4}{\376\377\122\240\217\175\227\136\000\040\000A\000S\000C\000I\000I\000\040\133\127\173\046\000\040\000\050\000L\000o\000a\000d\000i\000n\000g\000\040\000N\000o\000n\000-\000A\000S\000C\000I\000I\000\051}{subsection.3.8}% 51
\BOOKMARK [3][-]{subsubsection.3.8.5}{\376\377\201\352\122\250\122\240\217\175\000\040\000\050\000A\000u\000t\000o\000l\000o\000a\000d\000\051}{subsection.3.8}% 52
\BOOKMARK [2][-]{subsection.3.9}{\376\377\133\127\202\202\177\026\170\001\000\040\000\050\000B\000y\000t\000e\000\040\000C\000o\000m\000p\000i\000l\000a\000t\000i\000o\000n\000\051}{section.3}% 53
\BOOKMARK [3][-]{subsubsection.3.9.1}{\376\377\177\026\213\321\133\127\202\202\121\375\145\160\000\040\000\050\000C\000o\000m\000p\000i\000l\000a\000t\000i\000o\000n\000\040\000F\000u\000n\000c\000t\000i\000o\000n\000s\000\051}{subsection.3.9}% 54
\BOOKMARK [3][-]{subsubsection.3.9.2}{\376\377\145\207\150\143\133\127\173\046\116\062\124\214\177\026\213\321\000\040\000\050\000D\000o\000c\000s\000\040\000a\000n\000d\000\040\000C\000o\000m\000p\000i\000l\000a\000t\000i\000o\000n\000\051}{subsection.3.9}% 55
\BOOKMARK [3][-]{subsubsection.3.9.3}{\376\377\122\250\140\001\122\240\217\175\116\052\122\053\121\375\145\160\000\040\000\050\000D\000y\000n\000a\000m\000i\000c\000\040\000L\000o\000a\000d\000i\000n\000g\000\051}{subsection.3.9}% 56
\BOOKMARK [3][-]{subsubsection.3.9.4}{\376\377\127\050\177\026\213\321\147\037\225\364\217\320\210\114\000\040\000\050\000E\000v\000a\000l\000\040\000D\000u\000r\000i\000n\000g\000\040\000C\000o\000m\000p\000i\000l\000e\000\051}{subsection.3.9}% 57
\BOOKMARK [3][-]{subsubsection.3.9.5}{\376\377\177\026\213\321\126\150\225\031\213\357\000\040\000\050\000C\000o\000m\000p\000i\000l\000e\000r\000\040\000E\000r\000r\000o\000r\000s\000\051}{subsection.3.9}% 58
\BOOKMARK [3][-]{subsubsection.3.9.6}{\376\377\133\127\202\202\170\001\121\375\145\160\133\371\214\141\000\040\000\050\000B\000y\000t\000e\000-\000C\000o\000d\000e\000\040\000O\000b\000j\000e\000c\000t\000s\000\051}{subsection.3.9}% 59
\BOOKMARK [3][-]{subsubsection.3.9.7}{\376\377\123\315\154\107\177\026\133\127\202\202\170\001\000\050\000D\000i\000s\000a\000s\000s\000e\000m\000b\000l\000y\000\051}{subsection.3.9}% 60
\BOOKMARK [2][-]{subsection.3.10}{\376\377\214\003\213\325\000\040\000\050\000D\000e\000b\000u\000g\000g\000i\000n\000g\000\051}{section.3}% 61
\BOOKMARK [3][-]{subsubsection.3.10.1}{\376\377\000D\000e\000b\000u\000g\000g\000e\000r}{subsection.3.10}% 62
\BOOKMARK [3][-]{subsubsection.3.10.2}{\376\377\117\177\165\050\000\040\000E\000d\000e\000b\000u\000g\000\040\214\003\213\325}{subsection.3.10}% 63
\BOOKMARK [3][-]{subsubsection.3.10.3}{\376\377\000E\000d\000e\000b\000u\000g}{subsection.3.10}% 64
\BOOKMARK [3][-]{subsubsection.3.10.4}{\376\377\213\355\154\325\225\031\213\357\000\040\000\050\000S\000y\000n\000t\000a\000x\000\040\000E\000r\000r\000o\000r\000s\000\051}{subsection.3.10}% 65
\BOOKMARK [3][-]{subsubsection.3.10.5}{\376\377\211\206\166\326\123\302\145\160\000\040\000\050\000T\000e\000s\000t\000\040\000C\000o\000v\000e\000r\000a\000g\000e\000\051}{subsection.3.10}% 66
\BOOKMARK [3][-]{subsubsection.3.10.6}{\376\377\140\047\200\375\155\113\213\325\000\040\000\050\000P\000r\000o\000f\000i\000l\000i\000n\000g\000\051}{subsection.3.10}% 67
\BOOKMARK [3][-]{subsubsection.3.10.7}{\376\377\000E\000R\000T\000:\000\040\000E\000m\000a\000c\000s\000\040\000L\000i\000s\000p\000\040\000R\000e\000g\000r\000e\000s\000s\000i\000o\000n\000\040\000T\000e\000s\000t\000i\000n\000g}{subsection.3.10}% 68
\BOOKMARK [2][-]{subsection.3.11}{\376\377\213\373\123\326\124\214\142\123\123\160\000\040\000\050\000R\000e\000a\000d\000\040\000a\000n\000d\000\040\000P\000r\000i\000n\000t\000\051}{section.3}% 69
\BOOKMARK [3][-]{subsubsection.3.11.1}{\376\377\213\373\123\326\124\214\142\123\123\160\166\204\173\200\116\313\000\040\000\050\000S\000t\000r\000e\000a\000m\000s\000\040\000I\000n\000t\000r\000o\000\051}{subsection.3.11}% 70
\BOOKMARK [3][-]{subsubsection.3.11.2}{\376\377\217\223\121\145\155\101\000\040\000\050\000I\000n\000p\000u\000t\000\040\000S\000t\000r\000e\000a\000m\000s\000\051}{subsection.3.11}% 71
\BOOKMARK [3][-]{subsubsection.3.11.3}{\376\377\217\223\121\145\121\375\145\160\000\040\000\050\000I\000n\000p\000u\000t\000\040\000F\000u\000n\000c\000t\000i\000o\000n\000s\000\051}{subsection.3.11}% 72
\BOOKMARK [3][-]{subsubsection.3.11.4}{\376\377\217\223\121\372\155\101\000\040\000\050\000O\000u\000t\000p\000u\000t\000\040\000S\000t\000r\000e\000a\000m\000s\000\051}{subsection.3.11}% 73
\BOOKMARK [3][-]{subsubsection.3.11.5}{\376\377\217\223\121\372\121\375\145\160\000\040\000\050\000O\000u\000t\000p\000u\000t\000\040\000F\000u\000n\000c\000t\000i\000o\000n\000s\000\051}{subsection.3.11}% 74
\BOOKMARK [3][-]{subsubsection.3.11.6}{\376\377\137\161\124\315\217\223\121\372\166\204\123\330\221\317\000\040\000\050\000O\000u\000t\000p\000u\000t\000\040\000V\000a\000r\000i\000a\000b\000l\000e\000s\000\051}{subsection.3.11}% 75
\BOOKMARK [2][-]{subsection.3.12}{\376\377\000M\000i\000n\000i\000b\000u\000f\000f\000e\000r\000s}{section.3}% 76
\BOOKMARK [3][-]{subsubsection.3.12.1}{\376\377\121\145\225\350\000M\000i\000n\000i\000b\000u\000f\000f\000e\000r\000s\000\040\000\050\000I\000n\000t\000r\000o\000\040\000t\000o\000\040\000M\000i\000n\000i\000b\000u\000f\000f\000e\000r\000s\000\051}{subsection.3.12}% 77
\BOOKMARK [3][-]{subsubsection.3.12.2}{\376\377\116\316\000M\000i\000n\000i\000b\000u\000f\000f\000e\000r\116\055\213\373\123\326\145\207\147\054\000\040\000\050\000T\000e\000x\000t\000\040\000f\000r\000o\000m\000\040\000M\000I\000n\000i\000b\000u\000f\000f\000e\000r\000\051}{subsection.3.12}% 78
\BOOKMARK [3][-]{subsubsection.3.12.3}{\376\377\116\316\000M\000i\000n\000i\000b\000u\000f\000f\000e\000r\116\055\213\373\123\326\133\371\214\141\000\040\000\050\000O\000b\000j\000e\000c\000t\000\040\000f\000r\000o\000m\000\040\000M\000i\000n\000i\000b\000u\000f\000f\000e\000r\000\051}{subsection.3.12}% 79
\BOOKMARK [3][-]{subsubsection.3.12.4}{\376\377\000M\000i\000n\000i\000b\000u\000f\000f\000e\000r\123\206\123\362\000\040\000\050\000M\000i\000n\000i\000b\000u\000f\000f\000e\000r\000\040\000H\000i\000s\000t\000o\000r\000y\000\051}{subsection.3.12}% 80
\BOOKMARK [3][-]{subsubsection.3.12.5}{\376\377\122\035\131\313\217\223\121\145\000\040\000\050\000I\000n\000i\000t\000i\000a\000l\000\040\000I\000n\000p\000u\000t\000\051}{subsection.3.12}% 81
\BOOKMARK [3][-]{subsubsection.3.12.6}{\376\377\210\145\121\150\000\040\000\050\000C\000o\000m\000p\000l\000e\000t\000i\000o\000n\000\051}{subsection.3.12}% 82
\BOOKMARK [3][-]{subsubsection.3.12.7}{\376\377\000Y\000e\000s\000-\000o\000r\000-\000N\000o\147\345\213\342\000\040\000\050\000Y\000e\000s\000-\000o\000r\000-\000N\000o\000\040\000Q\000u\000e\000r\000i\000e\000s\000\051}{subsection.3.12}% 83
\BOOKMARK [3][-]{subsubsection.3.12.8}{\376\377\131\032\221\315\220\011\142\351\147\345\213\342\000\040\000\050\000M\000u\000l\000t\000i\000p\000l\000e\000\040\000Q\000u\000e\000r\000i\000e\000s\000\051}{subsection.3.12}% 84
\BOOKMARK [3][-]{subsubsection.3.12.9}{\376\377\213\373\123\326\133\306\170\001\000\040\000\050\000R\000e\000a\000d\000i\000n\000g\000\040\000a\000\040\000P\000a\000s\000s\000w\000o\000r\000d\000\051}{subsection.3.12}% 85
\BOOKMARK [3][-]{subsubsection.3.12.10}{\376\377\127\050\000M\000i\000n\000i\000b\000u\000f\000f\000e\000r\116\055\117\177\165\050\166\204\124\175\116\344\000\040\000\050\000M\000i\000n\000i\000b\000u\000f\000f\000e\000r\000\040\000C\000o\000m\000m\000a\000n\000d\000s\000\051}{subsection.3.12}% 86
\BOOKMARK [3][-]{subsubsection.3.12.11}{\376\377\000M\000i\000n\000i\000b\000u\000f\000f\000e\000r\172\227\123\343\000\040\000\050\000M\000i\000n\000i\000b\000u\000f\000f\000e\000r\000\040\000W\000i\000n\000d\000o\000w\000s\000\051}{subsection.3.12}% 87
\BOOKMARK [3][-]{subsubsection.3.12.12}{\376\377\000M\000i\000n\000i\000b\000u\000f\000f\000e\000r\121\205\133\271\000\040\000\050\000M\000i\000n\000i\000b\000u\000f\000f\000e\000r\000\040\000C\000o\000n\000t\000e\000n\000t\000s\000\051}{subsection.3.12}% 88
\BOOKMARK [3][-]{subsubsection.3.12.13}{\376\377\220\022\137\122\000M\000i\000n\000i\000b\000u\000f\000f\000e\000r\000\040\000\050\000R\000e\000c\000u\000r\000s\000i\000v\000e\000\040\000M\000i\000n\000i\000\051}{subsection.3.12}% 89
\BOOKMARK [3][-]{subsubsection.3.12.14}{\376\377\000M\000i\000n\000i\000b\000u\000f\000f\000e\000r\147\102\230\171\000\040\000\050\000M\000i\000n\000i\000b\000u\000f\000f\000e\000r\000\040\000M\000i\000s\000c\000\051}{subsection.3.12}% 90
\BOOKMARK [2][-]{subsection.3.13}{\376\377\124\175\116\344\137\252\163\257\000\040\000\050\000C\000o\000m\000m\000a\000n\000d\000\040\000L\000o\000o\000p\000\051}{section.3}% 91
\BOOKMARK [3][-]{subsubsection.3.13.1}{\376\377\133\232\116\111\124\175\116\344\000\040\000\050\000D\000e\000f\000i\000n\000i\000n\000g\000\040\000C\000o\000m\000m\000a\000n\000d\000s\000\051}{subsection.3.13}% 92
\BOOKMARK [3][-]{subsubsection.3.13.2}{\376\377\116\244\116\222\137\017\214\003\165\050\000\040\000\050\000I\000n\000t\000e\000r\000a\000c\000t\000i\000v\000e\000\040\000C\000a\000l\000l\000\051}{subsection.3.13}% 93
\BOOKMARK [3][-]{subsubsection.3.13.3}{\376\377\123\072\122\006\116\244\116\222\137\017\214\003\165\050\000\040\000\050\000D\000i\000s\000t\000i\000n\000g\000u\000i\000s\000h\000\040\000I\000n\000t\000e\000r\000a\000c\000t\000i\000v\000e\000\051}{subsection.3.13}% 94
\BOOKMARK [3][-]{subsubsection.3.13.4}{\376\377\124\175\116\344\137\252\163\257\166\204\117\341\140\157\000\040\000\050\000C\000o\000m\000m\000a\000n\000d\000\040\000L\000o\000o\000p\000\040\000I\000n\000f\000o\000\051}{subsection.3.13}% 95
\BOOKMARK [3][-]{subsubsection.3.13.5}{\376\377\124\175\116\344\124\016\214\003\145\164\143\007\224\210\000\040\000\050\000A\000d\000j\000u\000s\000t\000i\000n\000g\000\040\000P\000o\000i\000n\000t\000\051}{subsection.3.13}% 96
\BOOKMARK [3][-]{subsubsection.3.13.6}{\376\377\217\223\121\145\116\213\116\366\000\040\000\050\000I\000n\000p\000u\000t\000\040\000E\000v\000e\000n\000t\000s\000\051}{subsection.3.13}% 97
\BOOKMARK [3][-]{subsubsection.3.13.7}{\376\377\213\373\123\326\217\223\121\145\000\040\000\050\000R\000e\000a\000d\000i\000n\000g\000\040\000I\000n\000p\000u\000t\000\051}{subsection.3.13}% 98
\BOOKMARK [3][-]{subsubsection.3.13.8}{\376\377\162\171\153\212\116\213\116\366\000\040\000\050\000S\000p\000e\000c\000i\000a\000l\000\040\000E\000v\000e\000n\000t\000s\000\051}{subsection.3.13}% 99
\BOOKMARK [3][-]{subsubsection.3.13.9}{\376\377\173\111\137\205\176\323\147\137\145\366\225\364\142\026\200\005\217\223\121\145\000\040\000\050\000W\000a\000i\000t\000i\000n\000g\000\051}{subsection.3.13}% 100
\BOOKMARK [3][-]{subsubsection.3.13.10}{\376\377\116\055\153\142\000\040\000\050\000Q\000u\000i\000t\000t\000i\000n\000g\000\051}{subsection.3.13}% 101
\BOOKMARK [3][-]{subsubsection.3.13.11}{\376\377\122\115\177\000\124\175\116\344\123\302\145\160\000\040\000\050\000P\000r\000e\000f\000i\000x\000\040\000C\000o\000m\000m\000a\000n\000d\000\040\000A\000r\000g\000u\000m\000e\000n\000t\000s\000\051}{subsection.3.13}% 102
\BOOKMARK [3][-]{subsubsection.3.13.12}{\376\377\220\022\137\122\177\026\217\221\000\040\000\050\000R\000e\000c\000u\000r\000s\000i\000v\000e\000\040\000E\000d\000i\000t\000i\000n\000g\000\051}{subsection.3.13}% 103
\BOOKMARK [3][-]{subsubsection.3.13.13}{\376\377\171\201\165\050\124\175\116\344\000\040\000\050\000D\000i\000s\000a\000b\000l\000i\000n\000g\000\040\000C\000o\000m\000m\000a\000n\000d\000s\000\051}{subsection.3.13}% 104
\BOOKMARK [3][-]{subsubsection.3.13.14}{\376\377\124\175\116\344\123\206\123\362\000\040\000\050\000C\000o\000m\000m\000a\000n\000d\000\040\000H\000i\000s\000t\000o\000r\000y\000\051}{subsection.3.13}% 105
\BOOKMARK [3][-]{subsubsection.3.13.15}{\376\377\225\056\166\330\133\217\000\040\000\050\000K\000e\000y\000b\000o\000a\000r\000d\000\040\000M\000a\000c\000r\000o\000s\000\051}{subsection.3.13}% 106
\BOOKMARK [2][-]{subsection.3.14}{\376\377\145\207\147\054\000\040\000\050\000T\000e\000x\000t\000\051}{section.3}% 107
\BOOKMARK [3][-]{subsubsection.3.14.1}{\376\377\160\271\226\104\217\321\166\204\145\207\147\054\000\040\000\050\000N\000e\000a\000r\000\040\000P\000o\000i\000n\000t\000\051}{subsection.3.14}% 108
\BOOKMARK [3][-]{subsubsection.3.14.2}{\376\377\150\300\211\306\177\023\121\262\123\072\166\204\121\205\133\271\000\040\000\050\000B\000u\000f\000f\000e\000r\000\040\000C\000o\000n\000t\000e\000n\000t\000s\000\051}{subsection.3.14}% 109
\BOOKMARK [3][-]{subsubsection.3.14.3}{\376\377\153\324\217\203\145\207\147\054\000\040\000\050\000C\000o\000m\000p\000a\000r\000i\000n\000g\000\040\000T\000e\000x\000t\000\051}{subsection.3.14}% 110
\BOOKMARK [3][-]{subsubsection.3.14.4}{\376\377\143\322\121\145\145\207\147\054\000\040\000\050\000I\000n\000s\000e\000r\000t\000i\000o\000n\000\051}{subsection.3.14}% 111
\BOOKMARK [3][-]{subsubsection.3.14.5}{\376\377\143\322\121\145\145\207\147\054\166\204\124\175\116\344\000\040\000\050\000C\000o\000m\000m\000a\000n\000d\000s\000\040\000f\000o\000r\000\040\000I\000n\000s\000e\000r\000t\000i\000o\000n\000\051}{subsection.3.14}% 112
\BOOKMARK [3][-]{subsubsection.3.14.6}{\376\377\122\040\226\144\145\207\147\054\000\040\000\050\000D\000e\000l\000e\000t\000i\000o\000n\000\051}{subsection.3.14}% 113
\BOOKMARK [3][-]{subsubsection.3.14.7}{\376\377\122\040\226\144\145\207\147\054\166\204\124\175\116\344\000\040\000\050\000U\000s\000e\000r\000-\000L\000e\000v\000e\000l\000\040\000D\000e\000l\000e\000t\000i\000o\000n\000\051}{subsection.3.14}% 114
\BOOKMARK [3][-]{subsubsection.3.14.8}{\376\377\000K\000i\000l\000l\000\040\000R\000i\000n\000g\000\040\000\050\000T\000h\000e\000\040\000K\000i\000l\000l\000\040\000R\000i\000n\000g\000\051}{subsection.3.14}% 115
\BOOKMARK [3][-]{subsubsection.3.14.9}{\376\377\144\244\225\000\000\040\000\050\000U\000n\000d\000o\000\051}{subsection.3.14}% 116
\BOOKMARK [3][-]{subsubsection.3.14.10}{\376\377\176\364\142\244\144\244\225\000\122\027\210\150\000\040\000\050\000M\000a\000i\000n\000t\000a\000i\000n\000i\000n\000g\000\040\000U\000n\000d\000o\000\051}{subsection.3.14}% 117
\BOOKMARK [3][-]{subsubsection.3.14.11}{\376\377\130\153\121\105\000\040\000\050\000F\000i\000l\000l\000i\000n\000g\000\051}{subsection.3.14}% 118
\BOOKMARK [3][-]{subsubsection.3.14.12}{\376\377\131\026\217\271\215\335\000\040\000\050\000M\000a\000r\000g\000i\000n\000s\000\051}{subsection.3.14}% 119
\BOOKMARK [3][-]{subsubsection.3.14.13}{\376\377\220\002\136\224\130\153\121\105\000\040\000\050\000A\000d\000a\000p\000t\000i\000v\000e\000\040\000F\000i\000l\000l\000\051}{subsection.3.14}% 120
\BOOKMARK [3][-]{subsubsection.3.14.14}{\376\377\201\352\122\250\130\153\121\105\000\040\000\050\000A\000u\000t\000o\000\040\000F\000i\000l\000l\000i\000n\000g\000\051}{subsection.3.14}% 121
\BOOKMARK [3][-]{subsubsection.3.14.15}{\376\377\145\207\147\054\143\222\136\217\000\040\000\050\000S\000o\000r\000t\000i\000n\000g\000\051}{subsection.3.14}% 122
\BOOKMARK [3][-]{subsubsection.3.14.16}{\376\377\122\027\000\040\000\050\000C\000o\000l\000u\000m\000n\000s\000\051}{subsection.3.14}% 123
\BOOKMARK [3][-]{subsubsection.3.14.17}{\376\377\177\051\217\333\000\040\000\050\000I\000n\000d\000e\000n\000t\000a\000t\000i\000o\000n\000\051}{subsection.3.14}% 124
\BOOKMARK [3][-]{subsubsection.3.14.18}{\376\377\131\047\134\017\121\231\145\071\123\330\000\040\000\050\000C\000a\000s\000e\000\040\000C\000h\000a\000n\000g\000e\000s\000\051}{subsection.3.14}% 125
\BOOKMARK [3][-]{subsubsection.3.14.19}{\376\377\145\207\147\054\134\136\140\047\000\040\000\050\000T\000e\000x\000t\000\040\000P\000r\000o\000p\000e\000r\000t\000i\000e\000s\000\051}{subsection.3.14}% 126
\BOOKMARK [2][-]{subsection.3.15}{\376\377\213\355\154\325\210\150\000\040\000\050\000S\000y\000n\000t\000a\000x\000\040\000T\000a\000b\000l\000e\000s\000\051}{section.3}% 127
\BOOKMARK [3][-]{subsubsection.3.15.1}{\376\377\213\355\154\325\210\150\127\372\170\100\000\040\000\050\000S\000y\000n\000t\000a\000x\000\040\000B\000a\000s\000i\000c\000s\000\051}{subsection.3.15}% 128
\BOOKMARK [3][-]{subsubsection.3.15.2}{\376\377\213\355\154\325\143\317\217\360\173\046\000\040\000\050\000S\000y\000n\000t\000a\000x\000\040\000D\000e\000s\000c\000r\000i\000p\000t\000o\000r\000s\000\051}{subsection.3.15}% 129
\BOOKMARK [3][-]{subsubsection.3.15.3}{\376\377\213\355\154\325\210\150\121\375\145\160\000\040\000\050\000S\000y\000n\000t\000a\000x\000\040\000T\000a\000b\000l\000e\000\040\000F\000u\000n\000c\000t\000i\000o\000n\000s\000\051}{subsection.3.15}% 130
\BOOKMARK [3][-]{subsubsection.3.15.4}{\376\377\213\355\154\325\134\136\140\047\000\040\000\050\000S\000y\000n\000t\000a\000x\000\040\000P\000r\000o\000p\000e\000r\000t\000i\000e\000s\000\051}{subsection.3.15}% 131
\BOOKMARK [3][-]{subsubsection.3.15.5}{\376\377\122\250\117\134\124\214\213\355\154\325\000\040\000\050\000M\000o\000t\000i\000o\000n\000\040\000a\000n\000d\000\040\000S\000y\000n\000t\000a\000x\000\051}{subsection.3.15}% 132
\BOOKMARK [3][-]{subsubsection.3.15.6}{\376\377\211\343\147\220\210\150\217\276\137\017\000\040\000\050\000P\000a\000r\000s\000i\000n\000g\000\040\000E\000x\000p\000r\000e\000s\000s\000i\000o\000n\000s\000\051}{subsection.3.15}% 133
\BOOKMARK [3][-]{subsubsection.3.15.7}{\376\377\213\355\154\325\210\150\121\205\220\350\133\236\163\260\000\040\000\050\000S\000y\000n\000t\000a\000x\000\040\000T\000a\000b\000l\000e\000\040\000I\000n\000t\000e\000r\000n\000a\000l\000s\000\051}{subsection.3.15}% 134
\BOOKMARK [3][-]{subsubsection.3.15.8}{\376\377\122\006\174\173\000\040\000\050\000C\000a\000t\000e\000g\000o\000r\000i\000e\000s\000\051}{subsection.3.15}% 135
\BOOKMARK [2][-]{subsection.3.16}{\376\377\176\277\172\013\000\040\000\050\000T\000h\000r\000e\000a\000d\000s\000\051}{section.3}% 136
\BOOKMARK [3][-]{subsubsection.3.16.1}{\376\377\127\372\170\100\166\204\176\277\172\013\121\375\145\160\000\040\000\050\000B\000a\000s\000i\000c\000\040\000T\000h\000r\000e\000a\000d\000\040\000F\000u\000n\000c\000t\000i\000o\000n\000s\000\051}{subsection.3.16}% 137
\BOOKMARK [3][-]{subsubsection.3.16.2}{\376\377\116\222\145\245\225\001\000\040\000\050\000M\000u\000t\000e\000x\000e\000s\000\051}{subsection.3.16}% 138
\BOOKMARK [3][-]{subsubsection.3.16.3}{\376\377\147\141\116\366\123\330\221\317\000\040\000\050\000C\000o\000n\000d\000i\000t\000i\000o\000n\000\040\000V\000a\000r\000i\000a\000b\000l\000e\000s\000\051}{subsection.3.16}% 139
\BOOKMARK [3][-]{subsubsection.3.16.4}{\376\377\176\277\172\013\122\027\210\150\000\040\000\050\000T\000h\000e\000\040\000T\000h\000r\000e\000a\000d\000\040\000L\000i\000s\000t\000\051}{subsection.3.16}% 140
\BOOKMARK [2][-]{subsection.3.17}{\376\377\217\333\172\013\000\040\000\050\000P\000r\000o\000c\000e\000s\000s\000e\000s\000\051}{section.3}% 141
\BOOKMARK [3][-]{subsubsection.3.17.1}{\376\377\122\033\136\372\133\120\217\333\172\013\000\040\000\050\000S\000u\000b\000p\000r\000o\000c\000e\000s\000s\000\040\000C\000r\000e\000a\000t\000i\000o\000n\000\051}{subsection.3.17}% 142
\BOOKMARK [3][-]{subsubsection.3.17.2}{\376\377\000S\000h\000e\000l\000l\123\302\145\160\000\040\000\050\000S\000h\000e\000l\000l\000\040\000A\000r\000g\000u\000m\000e\000n\000t\000s\000\051}{subsection.3.17}% 143
\BOOKMARK [3][-]{subsubsection.3.17.3}{\376\377\122\033\136\372\124\014\153\145\217\333\172\013\000\040\000\050\000S\000y\000n\000c\000h\000r\000o\000n\000o\000u\000s\000\040\000P\000r\000o\000c\000e\000s\000s\000e\000s\000\051}{subsection.3.17}% 144
\BOOKMARK [3][-]{subsubsection.3.17.4}{\376\377\122\033\136\372\137\002\153\145\217\333\172\013\000\040\000\050\000A\000s\000y\000n\000c\000h\000r\000o\000n\000o\000u\000s\000\040\000P\000r\000o\000c\000e\000s\000s\000e\000s\000\051}{subsection.3.17}% 145
\BOOKMARK [3][-]{subsubsection.3.17.5}{\376\377\122\040\226\144\217\333\172\013\000\040\000\050\000D\000e\000l\000e\000t\000i\000n\000g\000\040\000P\000r\000o\000c\000e\000s\000s\000e\000s\000\051}{subsection.3.17}% 146
\BOOKMARK [3][-]{subsubsection.3.17.6}{\376\377\217\333\172\013\117\341\140\157\000\040\000\050\000P\000r\000o\000c\000e\000s\000s\000\040\000I\000n\000f\000o\000r\000m\000a\000t\000i\000o\000n\000\051}{subsection.3.17}% 147
\BOOKMARK [3][-]{subsubsection.3.17.7}{\376\377\176\331\217\333\172\013\123\321\220\001\217\223\121\145\000\040\000\050\000I\000n\000p\000u\000t\000\040\000t\000o\000\040\000P\000r\000o\000c\000e\000s\000s\000e\000s\000\051}{subsection.3.17}% 148
\BOOKMARK [3][-]{subsubsection.3.17.8}{\376\377\176\331\217\333\172\013\123\321\220\001\117\341\123\367\000\040\000\050\000S\000i\000g\000n\000a\000l\000s\000\040\000t\000o\000\040\000P\000r\000o\000c\000e\000s\000s\000e\000s\000\051}{subsection.3.17}% 149
\BOOKMARK [3][-]{subsubsection.3.17.9}{\376\377\143\245\145\066\217\333\172\013\166\204\217\223\121\372\000\040\000\050\000O\000u\000t\000p\000u\000t\000\040\000f\000r\000o\000m\000\040\000P\000r\000o\000c\000e\000s\000s\000e\000s\000\051}{subsection.3.17}% 150
\BOOKMARK [3][-]{subsubsection.3.17.10}{\376\377\124\350\121\165\000:\150\300\155\113\217\333\172\013\162\266\140\001\166\204\145\071\123\330\000\040\000\050\000S\000e\000n\000t\000i\000n\000e\000l\000s\000\051}{subsection.3.17}% 151
\BOOKMARK [3][-]{subsubsection.3.17.11}{\376\377\127\050\176\323\147\137\122\115\213\342\225\356\000\040\000\050\000Q\000u\000e\000r\000y\000\040\000B\000e\000f\000o\000r\000e\000\040\000E\000x\000i\000t\000\051}{subsection.3.17}% 152
\BOOKMARK [3][-]{subsubsection.3.17.12}{\376\377\174\373\176\337\217\333\172\013\000\040\000\050\000S\000y\000s\000t\000e\000m\000\040\000P\000r\000o\000c\000e\000s\000s\000e\000s\000\051}{subsection.3.17}% 153
\BOOKMARK [3][-]{subsubsection.3.17.13}{\376\377\116\213\122\241\226\037\122\027\000\040\000\050\000T\000r\000a\000n\000s\000a\000c\000t\000i\000o\000n\000\040\000Q\000u\000e\000u\000e\000s\000\051}{subsection.3.17}% 154
\BOOKMARK [3][-]{subsubsection.3.17.14}{\376\377\177\121\176\334\224\376\143\245\000\040\000\050\000N\000e\000t\000w\000o\000r\000k\000\051}{subsection.3.17}% 155
\BOOKMARK [3][-]{subsubsection.3.17.15}{\376\377\177\121\176\334\147\015\122\241\126\150\000\040\000\050\000N\000e\000t\000w\000o\000r\000k\000\040\000S\000e\000r\000v\000e\000r\000s\000\051}{subsection.3.17}% 156
\BOOKMARK [3][-]{subsubsection.3.17.16}{\376\377\145\160\143\156\142\245\000\040\000\050\000D\000a\000t\000a\000g\000r\000a\000m\000s\000\051}{subsection.3.17}% 157
\BOOKMARK [3][-]{subsubsection.3.17.17}{\376\377\136\225\134\102\177\121\176\334\213\277\225\356\000\040\000\050\000L\000o\000w\000-\000L\000e\000v\000e\000l\000\040\000N\000e\000t\000w\000o\000r\000k\000\051}{subsection.3.17}% 158
\BOOKMARK [3][-]{subsubsection.3.17.18}{\376\377\177\121\176\334\147\102\230\171\000\040\000\050\000M\000i\000s\000c\000\040\000N\000e\000t\000w\000o\000r\000k\000\051}{subsection.3.17}% 159
\BOOKMARK [3][-]{subsubsection.3.17.19}{\376\377\116\062\123\343\000\040\000\050\000S\000e\000r\000i\000a\000l\000\040\000P\000o\000r\000t\000s\000\051}{subsection.3.17}% 160
\BOOKMARK [3][-]{subsubsection.3.17.20}{\376\377\133\127\202\202\142\123\123\005\000\040\000\050\000B\000y\000t\000e\000\040\000P\000a\000c\000k\000i\000n\000g\000\051}{subsection.3.17}% 161
\BOOKMARK [2][-]{subsection.3.18}{\376\377\146\076\171\072\000\040\000\050\000D\000i\000s\000p\000l\000a\000y\000\051}{section.3}% 162
\BOOKMARK [2][-]{subsection.3.19}{\376\377\143\011\225\056\146\040\134\004\000\040\000\050\000K\000e\000y\000m\000a\000p\000s\000\051}{section.3}% 163
\BOOKMARK [3][-]{subsubsection.3.19.1}{\376\377\143\011\225\056\136\217\122\027\000\040\000\050\000K\000e\000y\000\040\000S\000e\000q\000u\000e\000n\000c\000e\000s\000\051}{subsection.3.19}% 164
\BOOKMARK [3][-]{subsubsection.3.19.2}{\376\377\143\011\225\056\146\040\134\004\166\204\127\372\170\100\000\040\000\050\000K\000e\000y\000m\000a\000p\000\040\000B\000a\000s\000i\000c\000s\000\051}{subsection.3.19}% 165
\BOOKMARK [3][-]{subsubsection.3.19.3}{\376\377\143\011\225\056\146\040\134\004\166\204\150\074\137\017\000\040\000\050\000F\000o\000r\000m\000a\000t\000\040\000o\000f\000\040\000K\000e\000y\000m\000a\000p\000s\000\051}{subsection.3.19}% 166
\BOOKMARK [3][-]{subsubsection.3.19.4}{\376\377\122\033\136\372\143\011\225\056\146\040\134\004\000\040\000\050\000C\000r\000e\000a\000t\000i\000n\000g\000\040\000K\000e\000y\000m\000a\000p\000s\000\051}{subsection.3.19}% 167
\BOOKMARK [3][-]{subsubsection.3.19.5}{\376\377\176\347\142\177\124\214\143\011\225\056\146\040\134\004\000\040\000\050\000I\000n\000h\000e\000r\000i\000t\000a\000n\000c\000e\000\040\000a\000n\000d\000\040\000K\000e\000y\000m\000a\000p\000s\000\051}{subsection.3.19}% 168
\BOOKMARK [3][-]{subsubsection.3.19.6}{\376\377\122\115\177\000\225\056\000\040\000\050\000P\000r\000e\000f\000i\000x\000\040\000K\000e\000y\000s\000\051}{subsection.3.19}% 169
\BOOKMARK [3][-]{subsubsection.3.19.7}{\376\377\157\300\155\073\166\204\143\011\225\056\146\040\134\004\000\040\000\050\000A\000c\000t\000i\000v\000e\000\040\000K\000e\000y\000m\000a\000p\000s\000\051}{subsection.3.19}% 170
\BOOKMARK [3][-]{subsubsection.3.19.8}{\376\377\147\345\142\176\157\300\155\073\166\204\143\011\225\056\146\040\134\004\000\040\000\050\000S\000e\000a\000r\000c\000h\000i\000n\000g\000\040\000K\000e\000y\000m\000a\000p\000s\000\051}{subsection.3.19}% 171
\BOOKMARK [3][-]{subsubsection.3.19.9}{\376\377\143\247\122\066\157\300\155\073\166\204\143\011\225\056\146\040\134\004\000\040\000\050\000C\000o\000n\000t\000r\000o\000l\000l\000i\000n\000g\000\040\000A\000c\000t\000i\000v\000e\000\040\000M\000a\000p\000s\000\051}{subsection.3.19}% 172
\BOOKMARK [3][-]{subsubsection.3.19.10}{\376\377\143\011\225\056\147\345\142\176\000\040\000\050\000K\000e\000y\000\040\000L\000o\000o\000k\000u\000p\000\051}{subsection.3.19}% 173
\BOOKMARK [3][-]{subsubsection.3.19.11}{\376\377\143\011\225\056\147\345\142\176\166\204\121\375\145\160\000\040\000\050\000F\000u\000n\000c\000t\000i\000o\000n\000s\000\040\000f\000o\000r\000\040\000K\000e\000y\000\040\000L\000o\000o\000k\000u\000p\000\051}{subsection.3.19}% 174
\BOOKMARK [3][-]{subsubsection.3.19.12}{\376\377\145\071\123\330\143\011\225\056\176\321\133\232\000\040\000\050\000C\000h\000a\000n\000g\000i\000n\000g\000\040\000K\000e\000y\000\040\000B\000i\000n\000d\000i\000n\000g\000s\000\051}{subsection.3.19}% 175
\BOOKMARK [3][-]{subsubsection.3.19.13}{\376\377\221\315\145\260\146\040\134\004\124\175\116\344\000\040\000\050\000R\000e\000m\000a\000p\000p\000i\000n\000g\000\040\000C\000o\000m\000m\000a\000n\000d\000s\000\051}{subsection.3.19}% 176
\BOOKMARK [3][-]{subsubsection.3.19.14}{\376\377\165\050\116\216\177\373\213\321\116\213\116\366\136\217\122\027\166\204\143\011\225\056\146\040\134\004\000\040\000\050\000T\000r\000a\000n\000s\000l\000a\000t\000i\000o\000n\000\040\000K\000e\000y\000m\000a\000p\000s\000\051}{subsection.3.19}% 177
\BOOKMARK [3][-]{subsubsection.3.19.15}{\376\377\176\321\133\232\143\011\225\056\166\204\124\175\116\344\000\040\000\050\000K\000e\000y\000\040\000B\000i\000n\000d\000i\000n\000g\000\040\000C\000o\000m\000m\000a\000n\000d\000s\000\051}{subsection.3.19}% 178
\BOOKMARK [3][-]{subsubsection.3.19.16}{\376\377\142\153\143\317\143\011\225\056\146\040\134\004\000\040\000\050\000S\000c\000a\000n\000n\000i\000n\000g\000\040\000K\000e\000y\000m\000a\000p\000s\000\051}{subsection.3.19}% 179
\BOOKMARK [3][-]{subsubsection.3.19.17}{\376\377\203\334\123\125\143\011\225\056\146\040\134\004\000\040\000\050\000M\000e\000n\000u\000\040\000K\000e\000y\000m\000a\000p\000s\000\051}{subsection.3.19}% 180
\BOOKMARK [2][-]{subsection.3.20}{\376\377\152\041\137\017\000\040\000\050\000M\000o\000d\000e\000s\000\051}{section.3}% 181
\BOOKMARK [3][-]{subsubsection.3.20.1}{\376\377\224\251\133\120\000\040\000\050\000H\000o\000o\000k\000s\000\051}{subsection.3.20}% 182
\BOOKMARK [2][-]{subsection.3.21}{\376\377\000E\000m\000a\000c\000s\000\040\177\026\170\001\174\373\176\337}{section.3}% 183
\BOOKMARK [2][-]{subsection.3.22}{\376\377\145\207\150\143\000\040\000\050\000D\000o\000c\000u\000m\000e\000n\000t\000a\000t\000i\000o\000n\000\051}{section.3}% 184
\BOOKMARK [2][-]{subsection.3.23}{\376\377\142\123\123\005\000\040\000\050\000P\000a\000c\000k\000a\000g\000i\000n\000g\000\051}{section.3}% 185
\BOOKMARK [2][-]{subsection.3.24}{\376\377\000G\000N\000U\000\040\000E\000m\000a\000c\000s\000\040\000I\000n\000t\000e\000r\000n\000a\000l\000s}{section.3}% 186
\BOOKMARK [3][-]{subsubsection.3.24.1}{\376\377\000C\000\040\172\013\136\217\166\204\121\205\133\130\146\040\120\317}{subsection.3.24}% 187
\BOOKMARK [2][-]{subsection.3.25}{\376\377\000E\000I\000E\000I\000O}{section.3}% 188
\BOOKMARK [1][-]{section.4}{\376\377\000E\000m\000a\000c\000s\000\040\116\113\155\361\205\317\116\015\157\017}{}% 189
\BOOKMARK [2][-]{subsection.4.1}{\376\377\000C\000a\000l\000c}{section.4}% 190
\BOOKMARK [1][-]{section.5}{\376\377\116\052\116\272\213\244\116\072\116\015\225\031\166\204\166\204\116\000\116\233\123\302\200\003\215\104\156\220\124\214\123\132\133\242}{}% 191
\BOOKMARK [1][-]{section.6}{\376\377\142\021\116\016\000E\000m\000a\000c\000s\166\204\116\000\116\233\116\213\140\305}{}% 192
